app/manifest-merger-debug-report.txt
-- Merging decision tree log ---
manifest
ADDED from AndroidManifest.xml:2:1
	xmlns:android
		ADDED from AndroidManifest.xml:3:31
	package
		ADDED from AndroidManifest.xml:3:5
		INJECTED from AndroidManifest.xml:0:0
		INJECTED from AndroidManifest.xml:0:0
	android:versionName
		ADDED from AndroidManifest.xml:2:35
	android:versionCode
		ADDED from AndroidManifest.xml:2:11
		INJECTED from AndroidManifest.xml:0:0
		INJECTED from AndroidManifest.xml:0:0
uses-sdk
ADDED from AndroidManifest.xml:4:5
MERGED from com.android.support:appcompat-v7:19.1.0:18:5
MERGED from com.android.support:support-v4:21.0.0:15:5
MERGED from com.google.android.gms:play-services:6.5.87:18:5
MERGED from com.android.support:support-v4:21.0.0:15:5
	android:targetSdkVersion
		ADDED from AndroidManifest.xml:4:42
		INJECTED from AndroidManifest.xml:0:0
		INJECTED from AndroidManifest.xml:0:0
	android:minSdkVersion
		ADDED from AndroidManifest.xml:4:15
		INJECTED from AndroidManifest.xml:0:0
		INJECTED from AndroidManifest.xml:0:0
uses-permission#android.permission.ACCESS_NETWORK_STATE
ADDED from AndroidManifest.xml:7:5
	android:name
		ADDED from AndroidManifest.xml:7:22
uses-permission#android.permission.INTERNET
ADDED from AndroidManifest.xml:8:4
	android:name
		ADDED from AndroidManifest.xml:8:21
uses-permission#android.permission.WRITE_EXTERNAL_STORAGE
ADDED from AndroidManifest.xml:10:4
	android:name
		ADDED from AndroidManifest.xml:10:21
uses-permission#android.permission.ACCESS_COARSE_LOCATION
ADDED from AndroidManifest.xml:12:4
	android:name
		ADDED from AndroidManifest.xml:12:21
uses-permission#android.permission.ACCESS_FINE_LOCATION
ADDED from AndroidManifest.xml:13:4
	android:name
		ADDED from AndroidManifest.xml:13:21
uses-feature#0x00020000
ADDED from AndroidManifest.xml:15:4
	android:required
		ADDED from AndroidManifest.xml:17:6
	android:glEsVersion
		ADDED from AndroidManifest.xml:16:6
application
ADDED from AndroidManifest.xml:20:5
MERGED from com.android.support:appcompat-v7:19.1.0:19:5
MERGED from com.android.support:support-v4:21.0.0:16:5
MERGED from com.google.android.gms:play-services:6.5.87:20:5
MERGED from com.android.support:support-v4:21.0.0:16:5
	android:label
		ADDED from AndroidManifest.xml:22:9
	android:allowBackup
		ADDED from AndroidManifest.xml:20:18
	android:icon
		ADDED from AndroidManifest.xml:21:9
	android:theme
		ADDED from AndroidManifest.xml:23:9
meta-data#com.google.android.gms.version
ADDED from AndroidManifest.xml:25:9
MERGED from com.google.android.gms:play-services:6.5.87:21:9
	android:name
		ADDED from AndroidManifest.xml:26:7
	android:value
		ADDED from AndroidManifest.xml:27:7
activity#com.MIGH.hermes.MainActivity
ADDED from AndroidManifest.xml:30:9
	android:label
		ADDED from AndroidManifest.xml:30:19
	android:theme
		ADDED from AndroidManifest.xml:32:16
	android:name
		ADDED from AndroidManifest.xml:31:16
intent-filter#android.intent.action.MAIN+android.intent.category.LAUNCHER
ADDED from AndroidManifest.xml:33:13
action#android.intent.action.MAIN
ADDED from AndroidManifest.xml:34:17
	android:name
		ADDED from AndroidManifest.xml:34:25
category#android.intent.category.LAUNCHER
ADDED from AndroidManifest.xml:35:17
	android:name
		ADDED from AndroidManifest.xml:35:27
meta-data#android.app.default_searchable
ADDED from AndroidManifest.xml:38:13
	android:name
		ADDED from AndroidManifest.xml:38:25
	android:value
		ADDED from AndroidManifest.xml:39:19
activity#com.MIGH.hermes.Listings
ADDED from AndroidManifest.xml:46:9
	android:theme
		ADDED from AndroidManifest.xml:47:13
	android:name
		ADDED from AndroidManifest.xml:46:19
meta-data#android.support.PARENT_ACTIVITY
ADDED from AndroidManifest.xml:48:12
	android:name
		ADDED from AndroidManifest.xml:49:13
	android:value
		ADDED from AndroidManifest.xml:50:13
activity#com.MIGH.hermes.SearchPage
ADDED from AndroidManifest.xml:57:9
	android:theme
		ADDED from AndroidManifest.xml:58:13
	android:name
		ADDED from AndroidManifest.xml:57:19
intent-filter#android.intent.action.SEARCH
ADDED from AndroidManifest.xml:59:13
action#android.intent.action.SEARCH
ADDED from AndroidManifest.xml:60:17
	android:name
		ADDED from AndroidManifest.xml:60:25
intent-filter#android.intent.action.VIEW
ADDED from AndroidManifest.xml:62:13
action#android.intent.action.VIEW
ADDED from AndroidManifest.xml:63:17
	android:name
		ADDED from AndroidManifest.xml:63:25
meta-data#android.app.searchable
ADDED from AndroidManifest.xml:65:13
	android:resource
		ADDED from AndroidManifest.xml:66:19
	android:name
		ADDED from AndroidManifest.xml:65:24
activity#com.MIGH.hermes.CompanyProfiles
ADDED from AndroidManifest.xml:75:9
	android:theme
		ADDED from AndroidManifest.xml:76:13
	android:name
		ADDED from AndroidManifest.xml:75:19
activity#com.MIGH.hermes.MapPage
ADDED from AndroidManifest.xml:86:9
	android:theme
		ADDED from AndroidManifest.xml:87:13
	android:name
		ADDED from AndroidManifest.xml:86:19
activity#com.MIGH.hermes.About
ADDED from AndroidManifest.xml:95:9
	android:theme
		ADDED from AndroidManifest.xml:96:13
	android:name
		ADDED from AndroidManifest.xml:95:19
meta-data#com.google.android.maps.v2.API_KEY
ADDED from AndroidManifest.xml:104:9
	android:name
		ADDED from AndroidManifest.xml:104:21
	android:value
		ADDED from AndroidManifest.xml:105:9